<?xml version="1.0" encoding="UTF-8"?>
<testng-results ignored="0" total="1" passed="1" failed="0" skipped="0">
  <reporter-output>
  </reporter-output>
  <suite started-at="2023-08-08T16:38:09 IST" name="Suite" finished-at="2023-08-08T16:38:13 IST" duration-ms="3261">
    <groups>
    </groups>
    <test started-at="2023-08-08T16:38:09 IST" name="Test" finished-at="2023-08-08T16:38:13 IST" duration-ms="3261">
      <class name="com.practce.Param">
        <test-method signature="launchBrowser(java.lang.String)[pri:0, instance:com.practce.Param@45099dd3]" started-at="2023-08-08T16:38:09 IST" name="launchBrowser" finished-at="2023-08-08T16:38:13 IST" duration-ms="3203" status="PASS">
          <params>
            <param index="0">
              <value>
                <![CDATA[CHROME]]>
              </value>
            </param>
          </params>
          <reporter-output>
          </reporter-output>
        </test-method> <!-- launchBrowser -->
      </class> <!-- com.practce.Param -->
    </test> <!-- Test -->
  </suite> <!-- Suite -->
</testng-results>
