<?xml version="1.0" encoding="UTF-8"?>
<testng-results ignored="0" total="2" passed="2" failed="0" skipped="0">
  <reporter-output>
  </reporter-output>
  <suite started-at="2023-08-08T12:58:01 IST" name="Suite" finished-at="2023-08-08T12:58:33 IST" duration-ms="32041">
    <groups>
    </groups>
    <test started-at="2023-08-08T12:58:01 IST" name="Test" finished-at="2023-08-08T12:58:33 IST" duration-ms="32041">
      <class name="com.practce.DistriButedParallel">
        <test-method signature="facebook()[pri:0, instance:com.practce.DistriButedParallel@7526515b]" started-at="2023-08-08T12:58:01 IST" name="facebook" finished-at="2023-08-08T12:58:33 IST" duration-ms="31992" status="PASS">
          <reporter-output>
          </reporter-output>
        </test-method> <!-- facebook -->
        <test-method signature="gmail()[pri:0, instance:com.practce.DistriButedParallel@7526515b]" started-at="2023-08-08T12:58:01 IST" name="gmail" finished-at="2023-08-08T12:58:19 IST" duration-ms="17576" status="PASS">
          <reporter-output>
          </reporter-output>
        </test-method> <!-- gmail -->
      </class> <!-- com.practce.DistriButedParallel -->
    </test> <!-- Test -->
  </suite> <!-- Suite -->
</testng-results>
